tv/build/intermediates/manifest_merge_blame_file/debug/processDebugMainManifest/manifest-merger-blame-debug-report.txt
1<?xml version="1.0" encoding="utf-8"?>
2<manifest xmlns:android="http://schemas.android.com/apk/res/android"
3    package="com.example.moviecontrol.tv"
4    android:versionCode="1"
5    android:versionName="1.0" >
6
7    <uses-sdk
7-->INJECTED
8        android:minSdkVersion="24"
8-->INJECTED
9        android:targetSdkVersion="36" />
9-->INJECTED
10
11    <uses-permission android:name="android.permission.INTERNET" />
11-->src\main\AndroidManifest.xml:4:5-67
11-->src\main\AndroidManifest.xml:4:22-64
12
13    <!-- Requisitos para Android TV -->
14    <uses-feature
14-->src\main\AndroidManifest.xml:7:5-86
15        android:name="android.software.leanback"
15-->src\main\AndroidManifest.xml:7:19-59
16        android:required="true" />
16-->src\main\AndroidManifest.xml:7:60-83
17    <uses-feature
17-->src\main\AndroidManifest.xml:8:5-90
18        android:name="android.hardware.touchscreen"
18-->src\main\AndroidManifest.xml:8:19-62
19        android:required="false" />
19-->src\main\AndroidManifest.xml:8:63-87
20    <!-- Although the *SdkVersion is captured in gradle build files, this is required for non gradle builds -->
21    <!-- <uses-sdk android:minSdkVersion="21" /> -->
22    <uses-permission android:name="android.permission.ACCESS_NETWORK_STATE" />
22-->[com.google.firebase:firebase-firestore:25.1.2] AndroidManifest.xml:10:5-79
22-->[com.google.firebase:firebase-firestore:25.1.2] AndroidManifest.xml:10:22-76
23
24    <permission
24-->[androidx.core:core:1.16.0] AndroidManifest.xml:22:5-24:47
25        android:name="com.example.moviecontrol.tv.DYNAMIC_RECEIVER_NOT_EXPORTED_PERMISSION"
25-->[androidx.core:core:1.16.0] AndroidManifest.xml:23:9-81
26        android:protectionLevel="signature" />
26-->[androidx.core:core:1.16.0] AndroidManifest.xml:24:9-44
27
28    <uses-permission android:name="com.example.moviecontrol.tv.DYNAMIC_RECEIVER_NOT_EXPORTED_PERMISSION" />
28-->[androidx.core:core:1.16.0] AndroidManifest.xml:26:5-97
28-->[androidx.core:core:1.16.0] AndroidManifest.xml:26:22-94
29
30    <application
30-->src\main\AndroidManifest.xml:10:5-24:19
31        android:allowBackup="true"
31-->src\main\AndroidManifest.xml:11:9-35
32        android:appComponentFactory="androidx.core.app.CoreComponentFactory"
32-->[androidx.core:core:1.16.0] AndroidManifest.xml:28:18-86
33        android:debuggable="true"
34        android:extractNativeLibs="false"
34-->INJECTED
35        android:label="MovieControl TV"
35-->src\main\AndroidManifest.xml:12:9-40
36        android:supportsRtl="true"
36-->src\main\AndroidManifest.xml:13:9-35
37        android:testOnly="true" >
38        <activity
38-->src\main\AndroidManifest.xml:15:9-23:20
39            android:name="com.example.moviecontrol.tv.MainActivity"
39-->src\main\AndroidManifest.xml:16:13-41
40            android:exported="true" >
40-->src\main\AndroidManifest.xml:17:13-36
41            <intent-filter>
41-->src\main\AndroidManifest.xml:18:13-22:29
42                <action android:name="android.intent.action.MAIN" />
42-->src\main\AndroidManifest.xml:19:17-69
42-->src\main\AndroidManifest.xml:19:25-66
43                <!-- Esto le indica a Android que es una app para la TV -->
44                <category android:name="android.intent.category.LEANBACK_LAUNCHER" />
44-->src\main\AndroidManifest.xml:21:17-86
44-->src\main\AndroidManifest.xml:21:27-83
45            </intent-filter>
46        </activity>
47
48        <service
48-->[com.google.firebase:firebase-firestore:25.1.2] AndroidManifest.xml:14:9-23:19
49            android:name="com.google.firebase.components.ComponentDiscoveryService"
49-->[com.google.firebase:firebase-firestore:25.1.2] AndroidManifest.xml:15:13-84
50            android:directBootAware="true"
50-->[com.google.firebase:firebase-common:21.0.0] AndroidManifest.xml:32:13-43
51            android:exported="false" >
51-->[com.google.firebase:firebase-firestore:25.1.2] AndroidManifest.xml:16:13-37
52            <meta-data
52-->[com.google.firebase:firebase-firestore:25.1.2] AndroidManifest.xml:17:13-19:85
53                android:name="com.google.firebase.components:com.google.firebase.firestore.FirebaseFirestoreKtxRegistrar"
53-->[com.google.firebase:firebase-firestore:25.1.2] AndroidManifest.xml:18:17-122
54                android:value="com.google.firebase.components.ComponentRegistrar" />
54-->[com.google.firebase:firebase-firestore:25.1.2] AndroidManifest.xml:19:17-82
55            <meta-data
55-->[com.google.firebase:firebase-firestore:25.1.2] AndroidManifest.xml:20:13-22:85
56                android:name="com.google.firebase.components:com.google.firebase.firestore.FirestoreRegistrar"
56-->[com.google.firebase:firebase-firestore:25.1.2] AndroidManifest.xml:21:17-111
57                android:value="com.google.firebase.components.ComponentRegistrar" />
57-->[com.google.firebase:firebase-firestore:25.1.2] AndroidManifest.xml:22:17-82
58            <meta-data
58-->[com.google.firebase:firebase-common-ktx:21.0.0] AndroidManifest.xml:12:13-14:85
59                android:name="com.google.firebase.components:com.google.firebase.ktx.FirebaseCommonLegacyRegistrar"
59-->[com.google.firebase:firebase-common-ktx:21.0.0] AndroidManifest.xml:13:17-116
60                android:value="com.google.firebase.components.ComponentRegistrar" />
60-->[com.google.firebase:firebase-common-ktx:21.0.0] AndroidManifest.xml:14:17-82
61            <meta-data
61-->[com.google.firebase:firebase-common:21.0.0] AndroidManifest.xml:35:13-37:85
62                android:name="com.google.firebase.components:com.google.firebase.FirebaseCommonKtxRegistrar"
62-->[com.google.firebase:firebase-common:21.0.0] AndroidManifest.xml:36:17-109
63                android:value="com.google.firebase.components.ComponentRegistrar" />
63-->[com.google.firebase:firebase-common:21.0.0] AndroidManifest.xml:37:17-82
64        </service>
65
66        <activity
66-->[com.google.android.gms:play-services-base:18.1.0] AndroidManifest.xml:20:9-22:45
67            android:name="com.google.android.gms.common.api.GoogleApiActivity"
67-->[com.google.android.gms:play-services-base:18.1.0] AndroidManifest.xml:20:19-85
68            android:exported="false"
68-->[com.google.android.gms:play-services-base:18.1.0] AndroidManifest.xml:22:19-43
69            android:theme="@android:style/Theme.Translucent.NoTitleBar" />
69-->[com.google.android.gms:play-services-base:18.1.0] AndroidManifest.xml:21:19-78
70
71        <provider
71-->[com.google.firebase:firebase-common:21.0.0] AndroidManifest.xml:23:9-28:39
72            android:name="com.google.firebase.provider.FirebaseInitProvider"
72-->[com.google.firebase:firebase-common:21.0.0] AndroidManifest.xml:24:13-77
73            android:authorities="com.example.moviecontrol.tv.firebaseinitprovider"
73-->[com.google.firebase:firebase-common:21.0.0] AndroidManifest.xml:25:13-72
74            android:directBootAware="true"
74-->[com.google.firebase:firebase-common:21.0.0] AndroidManifest.xml:26:13-43
75            android:exported="false"
75-->[com.google.firebase:firebase-common:21.0.0] AndroidManifest.xml:27:13-37
76            android:initOrder="100" />
76-->[com.google.firebase:firebase-common:21.0.0] AndroidManifest.xml:28:13-36
77        <provider
77-->[androidx.emoji2:emoji2:1.4.0] AndroidManifest.xml:24:9-32:20
78            android:name="androidx.startup.InitializationProvider"
78-->[androidx.emoji2:emoji2:1.4.0] AndroidManifest.xml:25:13-67
79            android:authorities="com.example.moviecontrol.tv.androidx-startup"
79-->[androidx.emoji2:emoji2:1.4.0] AndroidManifest.xml:26:13-68
80            android:exported="false" >
80-->[androidx.emoji2:emoji2:1.4.0] AndroidManifest.xml:27:13-37
81            <meta-data
81-->[androidx.emoji2:emoji2:1.4.0] AndroidManifest.xml:29:13-31:52
82                android:name="androidx.emoji2.text.EmojiCompatInitializer"
82-->[androidx.emoji2:emoji2:1.4.0] AndroidManifest.xml:30:17-75
83                android:value="androidx.startup" />
83-->[androidx.emoji2:emoji2:1.4.0] AndroidManifest.xml:31:17-49
84            <meta-data
84-->[androidx.lifecycle:lifecycle-process:2.9.4] AndroidManifest.xml:29:13-31:52
85                android:name="androidx.lifecycle.ProcessLifecycleInitializer"
85-->[androidx.lifecycle:lifecycle-process:2.9.4] AndroidManifest.xml:30:17-78
86                android:value="androidx.startup" />
86-->[androidx.lifecycle:lifecycle-process:2.9.4] AndroidManifest.xml:31:17-49
87            <meta-data
87-->[androidx.profileinstaller:profileinstaller:1.4.0] AndroidManifest.xml:29:13-31:52
88                android:name="androidx.profileinstaller.ProfileInstallerInitializer"
88-->[androidx.profileinstaller:profileinstaller:1.4.0] AndroidManifest.xml:30:17-85
89                android:value="androidx.startup" />
89-->[androidx.profileinstaller:profileinstaller:1.4.0] AndroidManifest.xml:31:17-49
90        </provider>
91
92        <uses-library
92-->[androidx.window:window:1.5.0] AndroidManifest.xml:23:9-25:40
93            android:name="androidx.window.extensions"
93-->[androidx.window:window:1.5.0] AndroidManifest.xml:24:13-54
94            android:required="false" />
94-->[androidx.window:window:1.5.0] AndroidManifest.xml:25:13-37
95        <uses-library
95-->[androidx.window:window:1.5.0] AndroidManifest.xml:26:9-28:40
96            android:name="androidx.window.sidecar"
96-->[androidx.window:window:1.5.0] AndroidManifest.xml:27:13-51
97            android:required="false" />
97-->[androidx.window:window:1.5.0] AndroidManifest.xml:28:13-37
98
99        <meta-data
99-->[com.google.android.gms:play-services-basement:18.3.0] AndroidManifest.xml:21:9-23:69
100            android:name="com.google.android.gms.version"
100-->[com.google.android.gms:play-services-basement:18.3.0] AndroidManifest.xml:22:13-58
101            android:value="@integer/google_play_services_version" />
101-->[com.google.android.gms:play-services-basement:18.3.0] AndroidManifest.xml:23:13-66
102
103        <receiver
103-->[androidx.profileinstaller:profileinstaller:1.4.0] AndroidManifest.xml:34:9-52:20
104            android:name="androidx.profileinstaller.ProfileInstallReceiver"
104-->[androidx.profileinstaller:profileinstaller:1.4.0] AndroidManifest.xml:35:13-76
105            android:directBootAware="false"
105-->[androidx.profileinstaller:profileinstaller:1.4.0] AndroidManifest.xml:36:13-44
106            android:enabled="true"
106-->[androidx.profileinstaller:profileinstaller:1.4.0] AndroidManifest.xml:37:13-35
107            android:exported="true"
107-->[androidx.profileinstaller:profileinstaller:1.4.0] AndroidManifest.xml:38:13-36
108            android:permission="android.permission.DUMP" >
108-->[androidx.profileinstaller:profileinstaller:1.4.0] AndroidManifest.xml:39:13-57
109            <intent-filter>
109-->[androidx.profileinstaller:profileinstaller:1.4.0] AndroidManifest.xml:40:13-42:29
110                <action android:name="androidx.profileinstaller.action.INSTALL_PROFILE" />
110-->[androidx.profileinstaller:profileinstaller:1.4.0] AndroidManifest.xml:41:17-91
110-->[androidx.profileinstaller:profileinstaller:1.4.0] AndroidManifest.xml:41:25-88
111            </intent-filter>
112            <intent-filter>
112-->[androidx.profileinstaller:profileinstaller:1.4.0] AndroidManifest.xml:43:13-45:29
113                <action android:name="androidx.profileinstaller.action.SKIP_FILE" />
113-->[androidx.profileinstaller:profileinstaller:1.4.0] AndroidManifest.xml:44:17-85
113-->[androidx.profileinstaller:profileinstaller:1.4.0] AndroidManifest.xml:44:25-82
114            </intent-filter>
115            <intent-filter>
115-->[androidx.profileinstaller:profileinstaller:1.4.0] AndroidManifest.xml:46:13-48:29
116                <action android:name="androidx.profileinstaller.action.SAVE_PROFILE" />
116-->[androidx.profileinstaller:profileinstaller:1.4.0] AndroidManifest.xml:47:17-88
116-->[androidx.profileinstaller:profileinstaller:1.4.0] AndroidManifest.xml:47:25-85
117            </intent-filter>
118            <intent-filter>
118-->[androidx.profileinstaller:profileinstaller:1.4.0] AndroidManifest.xml:49:13-51:29
119                <action android:name="androidx.profileinstaller.action.BENCHMARK_OPERATION" />
119-->[androidx.profileinstaller:profileinstaller:1.4.0] AndroidManifest.xml:50:17-95
119-->[androidx.profileinstaller:profileinstaller:1.4.0] AndroidManifest.xml:50:25-92
120            </intent-filter>
121        </receiver>
122    </application>
123
124</manifest>